[17-03-2020 20:04:05][Administrador][Login]

[17-03-2020 20:04:16][Administrador][Cerrar sesión]

[17-03-2020 20:35:01][Administrador][Login]

[17-03-2020 20:36:07][Administrador][Login]

[17-03-2020 20:39:19][Administrador][Login]

[17-03-2020 20:40:42][Administrador][Login]

[17-03-2020 20:43:17][Administrador][Login]

[17-03-2020 20:45:35][Administrador][Login]

[17-03-2020 20:49:57][Administrador][Login]

[17-03-2020 20:51:21][Administrador][Login]

[17-03-2020 21:41:31][Administrador][Login]

[17-03-2020 21:41:44][Administrador][Cerrar sesión]

[17-03-2020 21:56:16][Administrador][Login]

[17-03-2020 21:56:32][Administrador][Alta Socio Javier Rodriguez]

[18-03-2020 00:42:07][Administrador][Login]

[18-03-2020 00:42:23][Administrador][Cerrar sesión]

[19-03-2020 00:55:44][Usuario][Login]

[19-03-2020 00:55:50][Usuario][Cerrar sesión]

[19-03-2020 00:56:05][Administrador][Login]

[19-03-2020 00:56:12][Administrador][Cerrar sesión]

[19-03-2020 01:14:50][Administrador][Login]

[19-03-2020 01:18:29][Administrador][Login]

[19-03-2020 01:18:38][Administrador][Cerrar sesión]

[19-03-2020 01:19:18][Administrador][Login]

[19-03-2020 02:48:31][Administrador][Login]

[19-03-2020 02:48:39][Administrador][Cerrar sesión]

[19-03-2020 17:07:41][Administrador][Login]

[19-03-2020 17:07:55][Administrador][Cerrar sesión]

[19-03-2020 17:08:02][Administrador][Login]

[19-03-2020 17:08:28][Administrador][Alta Monitor Probando Ingreso]

[19-03-2020 17:37:50][Administrador][Login]

[19-03-2020 17:39:03][Administrador][Login]

[19-03-2020 17:39:09][Administrador][Cerrar sesión]

[19-03-2020 17:40:20][Administrador][Login]

[19-03-2020 17:40:44][Administrador][Co nsultar Clase 009]

[19-03-2020 17:40:44][Administrador][Co nsultar Clase 007]

[19-03-2020 17:40:44][Administrador][Co nsultar Clase 004]

[19-03-2020 17:40:44][Administrador][Co nsultar Clase 002]

[19-03-2020 17:40:44][Administrador][Co nsultar Clase 001]

[19-03-2020 17:40:44][Administrador][Co nsultar Clase 003]

[19-03-2020 17:40:44][Administrador][Co nsultar Clase 002]

[19-03-2020 17:47:11][Administrador][Login]

[19-03-2020 17:51:28][Administrador][Login]

[19-03-2020 18:28:36][Administrador][Login]

[19-03-2020 18:53:23][Administrador][Login]

[19-03-2020 18:55:34][Administrador][Login]

[19-03-2020 18:57:27][Administrador][Login]

[19-03-2020 19:34:29][Administrador][Login]

[19-03-2020 19:37:36][Administrador][Login]

[19-03-2020 19:38:04][Administrador][Login]

[19-03-2020 19:39:11][Administrador][Login]

[19-03-2020 19:41:02][Administrador][Login]

[19-03-2020 19:42:02][Administrador][Login]

[19-03-2020 19:45:09][Administrador][Login]

[19-03-2020 19:47:25][Administrador][Login]

[19-03-2020 19:48:08][Administrador][Login]

[19-03-2020 19:48:52][Administrador][Login]

[19-03-2020 20:01:52][Administrador][Login]

[19-03-2020 20:03:35][Administrador][Login]

[19-03-2020 20:03:46][Administrador][Alta Monitor Probando Prueba]

[19-03-2020 20:06:13][Administrador][Login]

[19-03-2020 20:06:22][Administrador][Alta Monitor Probando Prueba]

[19-03-2020 20:08:16][Administrador][Login]

[19-03-2020 20:08:25][Administrador][Alta Monitor Probando prueba]

[19-03-2020 20:12:17][Administrador][Login]

[19-03-2020 20:12:26][Administrador][Alta Monitor Probando Gonzales]

[19-03-2020 20:21:27][Administrador][Login]

[19-03-2020 20:21:35][Administrador][Cerrar sesión]

[19-03-2020 20:52:16][Administrador][Login]

[19-03-2020 20:52:26][Administrador][Consultar Socio David Díaz]

[19-03-2020 20:52:26][Administrador][Consultar Socio Francisco Rufo]

[19-03-2020 20:52:26][Administrador][Consultar Socio Salvador Blanco]

[19-03-2020 20:52:26][Administrador][Consultar Socio Bebop Jimenez]

[19-03-2020 20:52:26][Administrador][Consultar Socio Bebop Jimenez]

[19-03-2020 20:52:26][Administrador][Consultar Socio Antonio Martin]

[19-03-2020 20:52:26][Administrador][Consultar Socio Eduardo Lopez]

[19-03-2020 20:52:26][Administrador][Consultar Socio Sheyla Paredes]

[19-03-2020 20:52:26][Administrador][Consultar Socio Arancha Villaverde]

[19-03-2020 20:52:26][Administrador][Consultar Socio Julio Rosa]

[19-03-2020 20:52:26][Administrador][Consultar Socio Francisco Rufo]

[19-03-2020 20:52:26][Administrador][Consultar Socio David Díaz]

[19-03-2020 20:52:26][Administrador][Consultar Socio Eduardo Lopez]

[19-03-2020 20:52:26][Administrador][Consultar Socio Arancha Villaverde]

[19-03-2020 20:52:26][Administrador][Consultar Socio David Díaz]

[19-03-2020 20:52:26][Administrador][Consultar Socio Salvador Blanco]

[19-03-2020 20:52:26][Administrador][Consultar Socio Antonio Martin]

[19-03-2020 21:20:15][Administrador][Alta Socio Juan Juanito]

[19-03-2020 21:32:04][Administrador][Login]

[19-03-2020 21:32:24][Administrador][Alta Socio 1 1]

[19-03-2020 21:35:06][Administrador][Login]

[19-03-2020 21:37:48][Administrador][Login]

[19-03-2020 21:37:58][Administrador][Alta Socio 2 2]

[19-03-2020 21:41:16][Administrador][Login]

[19-03-2020 21:41:25][Administrador][Alta Socio 3 3]

[19-03-2020 21:41:46][Administrador][Login]

[19-03-2020 21:41:54][Administrador][El iminar Socio 3]

[19-03-2020 21:45:00][Administrador][Login]

[19-03-2020 21:45:11][Administrador][El iminar Socio 3]

[19-03-2020 21:46:03][Administrador][Login]

[19-03-2020 21:46:12][Administrador][El iminar Socio 3]

[19-03-2020 21:47:37][Administrador][Login]

[19-03-2020 21:47:49][Administrador][El iminar Socio 9]

[19-03-2020 21:51:20][Administrador][Login]

[19-03-2020 22:04:55][Administrador][Login]

[19-03-2020 22:05:23][Administrador][Login]

[19-03-2020 22:05:36][Administrador][Alta Socio Pepito 8]

[19-03-2020 22:09:24][Administrador][Login]

[19-03-2020 22:10:59][Administrador][Login]

[19-03-2020 22:19:07][Administrador][Login]

[19-03-2020 22:19:17][Administrador][Mo dificar Socio  en campo null]

[19-03-2020 22:26:02][Administrador][Login]

[19-03-2020 22:27:11][Administrador][Login]

[19-03-2020 22:29:08][Administrador][Login]

[19-03-2020 22:29:22][Administrador][Mo dificar Socio  en campo null]

[19-03-2020 22:33:34][Administrador][Login]

[19-03-2020 22:33:56][Administrador][Mo dificar Socio  en campo null]

[19-03-2020 22:35:59][Administrador][Login]

[19-03-2020 22:36:08][Administrador][Mo dificar Socio  en campo null]

[19-03-2020 22:37:46][Administrador][Login]

[19-03-2020 22:37:53][Administrador][Mo dificar Socio  en campo null]

[19-03-2020 22:39:07][Administrador][Login]

[19-03-2020 22:39:19][Administrador][Mo dificar Socio  en campo null]

[19-03-2020 22:57:10][Administrador][Login]

[19-03-2020 23:01:17][Administrador][Login]

[19-03-2020 23:02:24][Administrador][Login]

[19-03-2020 23:02:56][Administrador][Login]

[19-03-2020 23:03:20][Administrador][Login]

[19-03-2020 23:03:41][Administrador][Login]

[19-03-2020 23:11:54][Administrador][Login]

[19-03-2020 23:12:03][Administrador][El iminar Socio ]

[19-03-2020 23:15:22][Administrador][Login]

[19-03-2020 23:15:30][Administrador][El iminar Socio ]

[19-03-2020 23:17:02][Administrador][Login]

[19-03-2020 23:17:12][Administrador][El iminar Socio ]

[19-03-2020 23:17:27][Administrador][Login]

[19-03-2020 23:17:35][Administrador][El iminar Socio ]

[19-03-2020 23:18:09][Administrador][Login]

[19-03-2020 23:18:17][Administrador][El iminar Socio ]

[19-03-2020 23:18:17][Administrador][El iminar Socio ]

[19-03-2020 23:31:49][Administrador][Login]

[19-03-2020 23:33:03][Administrador][Alta Socio Francisco Javier Rodriguez]

[19-03-2020 23:34:11][Administrador][Mo dificar Socio  en campo null]

[19-03-2020 23:35:12][Administrador][El iminar Socio 11]

[19-03-2020 23:35:44][Administrador][El iminar Socio ]

[19-03-2020 23:32:46][Administrador][Cerrar sesión]

[19-03-2020 23:36:25][Usuario][Login]

[19-03-2020 23:37:34][Usuario][Cerrar sesión]

[19-03-2020 23:38:05][Administrador][Login]

[19-03-2020 23:41:42][Administrador][Login]

[20-03-2020 03:20:55][Administrador][Login]

[20-03-2020 03:23:28][Administrador][Login]

[20-03-2020 03:24:44][Administrador][Login]

[20-03-2020 03:25:17][Administrador][Login]

[20-03-2020 03:29:45][Administrador][Login]

[20-03-2020 04:05:03][Administrador][Login]

[20-03-2020 04:13:15][Administrador][Login]

[20-03-2020 04:15:55][Administrador][Login]

[20-03-2020 04:52:47][Administrador][Login]

[20-03-2020 04:53:55][Administrador][Login]

[20-03-2020 04:54:41][Administrador][Login]

[20-03-2020 04:55:11][Administrador][Login]

[20-03-2020 04:55:45][Administrador][Login]

[20-03-2020 04:56:08][Administrador][Login]

[20-03-2020 04:56:45][Administrador][Login]

[20-03-2020 04:57:11][Administrador][Login]

[20-03-2020 04:57:27][Administrador][Login]

[20-03-2020 04:58:08][Administrador][El iminar Socio 5]

[20-03-2020 05:09:05][Administrador][Login]

[20-03-2020 05:12:23][Administrador][Login]

[20-03-2020 05:37:23][Administrador][Login]

[20-03-2020 05:37:43][Administrador][Eliminar Monitor 5]

[20-03-2020 05:38:06][Administrador][Eliminar Monitor]

[20-03-2020 05:39:57][Administrador][Login]

[20-03-2020 05:40:05][Administrador][Eliminar Monitor]

[20-03-2020 05:42:18][Administrador][Login]

[20-03-2020 05:44:12][Administrador][Login]

[20-03-2020 05:44:46][Administrador][Login]

[20-03-2020 05:45:43][Administrador][Login]

[20-03-2020 05:46:26][Administrador][Login]

[20-03-2020 05:47:44][Administrador][Login]

[20-03-2020 05:48:01][Administrador][Login]

[20-03-2020 05:48:38][Administrador][Login]

[20-03-2020 05:48:49][Administrador][Modificar Monitor  en campo null]

[20-03-2020 06:00:36][Administrador][Login]

[20-03-2020 06:00:45][Administrador][Modificar Socio  en campo null]

[20-03-2020 06:01:41][Administrador][Modificar Socio  en campo null]

[20-03-2020 14:26:01][Administrador][Login]

[20-03-2020 14:26:10][Administrador][Modificar Monitor  en campo null]

[20-03-2020 14:27:31][Administrador][Modificar Monitor  en campo null]

[20-03-2020 14:32:01][Administrador][Login]

[20-03-2020 14:33:27][Administrador][Login]

[20-03-2020 14:33:43][Administrador][Eliminar Socio ]

[20-03-2020 14:53:04][Administrador][Login]

[20-03-2020 14:53:27][Administrador][Modificar Monitor  en campo null]

[20-03-2020 14:56:28][Administrador][Login]

[20-03-2020 14:56:37][Administrador][Modificar Monitor  en campo null]

[20-03-2020 14:58:05][Administrador][Alta Monitor Random Randoman]

[20-03-2020 14:58:59][Administrador][Alta Monitor Random Rando]

[20-03-2020 15:02:00][Administrador][Login]

[20-03-2020 15:02:09][Administrador][Alta Monitor Random Randoman]

[20-03-2020 15:03:18][Administrador][Login]

[20-03-2020 15:03:28][Administrador][Alta Monitor Random 1231123]

[20-03-2020 15:04:10][Administrador][Login]

[20-03-2020 15:04:43][Administrador][Eliminar Monitor Random]

[20-03-2020 15:06:32][Administrador][Eliminar Monitor 4]

[20-03-2020 15:07:02][Administrador][Eliminar Monitor 6]

[20-03-2020 15:07:25][Administrador][Alta Monitor Jorge Profesor]

[20-03-2020 15:08:35][Administrador][Eliminar Monitor]

[20-03-2020 15:08:35][Administrador][Eliminar Monitor]

[20-03-2020 15:08:35][Administrador][Eliminar Monitor]

[20-03-2020 15:08:35][Administrador][Eliminar Monitor]

[20-03-2020 15:08:35][Administrador][Eliminar Monitor]

[20-03-2020 15:08:35][Administrador][Eliminar Monitor]

[20-03-2020 15:08:35][Administrador][Eliminar Monitor]

[20-03-2020 15:10:43][Administrador][Login]

[20-03-2020 15:10:55][Administrador][Eliminar Monitor]

[20-03-2020 15:11:33][Administrador][Login]

[20-03-2020 15:13:13][Administrador][Login]

[20-03-2020 15:13:40][Administrador][Login]

[20-03-2020 15:14:21][Administrador][Login]

[20-03-2020 15:14:53][Administrador][Login]

[20-03-2020 15:15:21][Administrador][Login]

[20-03-2020 15:15:29][Administrador][Cerrar sesión]

[20-03-2020 15:16:33][Administrador][Login]

[20-03-2020 15:17:06][Administrador][Login]

[20-03-2020 15:17:11][Administrador][Cerrar sesión]

[20-03-2020 15:19:52][Administrador][Login]

[20-03-2020 15:19:57][Administrador][Cerrar sesión]

[20-03-2020 15:22:12][Administrador][Login]

[20-03-2020 15:22:16][Administrador][Cerrar sesión]

[20-03-2020 15:22:53][Administrador][Login]

[20-03-2020 16:33:03][Administrador][Login]

[20-03-2020 16:50:20][Administrador][Login]

[20-03-2020 16:50:34][Administrador][Login]

[20-03-2020 16:50:49][Administrador][Login]

[20-03-2020 16:50:54][Administrador][Cerrar sesión]

[20-03-2020 16:54:37][Administrador][Login]

[20-03-2020 16:56:38][Administrador][Login]

[20-03-2020 16:56:44][Administrador][Cerrar sesión]

[20-03-2020 16:59:43][Usuario][Login]

[20-03-2020 16:59:49][Usuario][Cerrar sesión]

[20-03-2020 17:10:36][Administrador][Login]

[20-03-2020 17:28:11][Administrador][Login]

[20-03-2020 17:28:26][Administrador][Eliminar Socio ]

[20-03-2020 17:28:58][Administrador][Login]

[20-03-2020 17:29:09][Administrador][Alta Socio George Weasley]

[20-03-2020 17:40:34][Administrador][Modificar Socio  en campo null]

[20-03-2020 17:46:42][Administrador][Login]

[20-03-2020 17:46:50][Administrador][Modificar Socio  en campo null]

[20-03-2020 17:50:48][Administrador][Login]

[20-03-2020 17:50:59][Administrador][Eliminar Socio 12]

[20-03-2020 17:53:25][Administrador][Eliminar Socio 10]

[20-03-2020 17:57:48][Administrador][Login]

[20-03-2020 17:57:59][Administrador][Eliminar Socio ]

[20-03-2020 17:58:18][Administrador][Modificar Socio  en campo null]

[20-03-2020 18:01:01][Administrador][Login]

[20-03-2020 18:01:10][Administrador][Modificar Socio  en campo null]

[20-03-2020 18:01:59][Administrador][Login]

[20-03-2020 18:02:07][Administrador][Modificar Socio  en campo null]

[20-03-2020 18:03:56][Administrador][Login]

[20-03-2020 18:04:09][Administrador][Modificar Socio  en campo null]

[20-03-2020 18:05:45][Administrador][Login]

[20-03-2020 18:08:53][Administrador][Modificar Socio  en campo null]

[20-03-2020 18:16:42][Administrador][Login]

[20-03-2020 18:17:08][Administrador][Login]

[20-03-2020 18:17:40][Administrador][Login]

[20-03-2020 18:18:04][Administrador][Login]

[20-03-2020 18:18:11][Administrador][Eliminar Socio ]

[20-03-2020 18:19:33][Administrador][Login]

[20-03-2020 18:19:41][Administrador][Eliminar Socio 100]

[20-03-2020 18:24:00][Administrador][Eliminar Socio ]

[20-03-2020 18:32:56][Administrador][Login]

[20-03-2020 18:33:06][Administrador][Alta Monitor Thomas Phelps]

[20-03-2020 18:40:45][Administrador][Login]

[20-03-2020 18:41:29][Administrador][Login]

[20-03-2020 18:41:36][Administrador][Modificar Monitor  en campo null]

[20-03-2020 18:48:44][Administrador][Eliminar Monitor 8]

[20-03-2020 18:54:41][Administrador][Eliminar Monitor]

[20-03-2020 18:57:08][Administrador][Login]

[20-03-2020 18:57:16][Administrador][Eliminar Monitor]

[23-03-2020 14:14:44][Administrador][Login]

[23-03-2020 14:17:53][Administrador][Alta Monitor Jorge Primero]

[23-03-2020 14:19:15][Administrador][Eliminar Socio ]

[23-03-2020 14:19:15][Administrador][Eliminar Socio ]

[23-03-2020 14:19:15][Administrador][Eliminar Socio ]

[23-03-2020 14:19:15][Administrador][Eliminar Socio ]

[23-03-2020 14:19:15][Administrador][Eliminar Socio ]

[23-03-2020 14:19:15][Administrador][Eliminar Socio ]

[23-03-2020 14:19:15][Administrador][Eliminar Socio ]

[23-03-2020 14:19:28][Administrador][Eliminar Monitor]

[23-03-2020 14:20:15][Administrador][Modificar Monitor  en campo null]

[23-03-2020 14:22:21][Administrador][Eliminar Monitor]

[23-03-2020 14:15:46][Administrador][Cerrar sesión]

[15-04-2020 20:45:40][Administrador][Login]

[31-05-2020 18:53:40][Administrador][Login]

[31-05-2020 18:57:40][Administrador][Login]

[31-05-2020 19:21:31][Administrador][Login]

[31-05-2020 19:29:28][admin][Login]

[31-05-2020 19:30:38][admin][Login]

[31-05-2020 19:31:11][admin][Login]

[31-05-2020 19:31:55][admin][Login]

[31-05-2020 19:33:01][admin][Login]

[31-05-2020 19:35:58][admin][Login]

[31-05-2020 19:36:47][admin][Login]

[31-05-2020 19:37:31][admin][Login]

[31-05-2020 19:38:03][admin][Login]

[31-05-2020 19:38:56][admin][Login]

[31-05-2020 19:39:57][admin][Login]

[31-05-2020 19:40:06][Administrador][Co nsultar Clase 003]

[31-05-2020 19:40:06][Administrador][Co nsultar Clase 003]

[31-05-2020 19:40:06][Administrador][Co nsultar Clase 001]

[31-05-2020 19:40:06][Administrador][Co nsultar Clase 001]

[31-05-2020 19:42:21][admin][Login]

[31-05-2020 19:44:06][admin][Login]

[31-05-2020 19:44:31][admin][Login]

[31-05-2020 19:45:27][admin][Login]

[31-05-2020 19:47:19][admin][Login]

[31-05-2020 19:48:40][admin][Login]

[31-05-2020 19:49:15][admin][Login]

[31-05-2020 19:49:42][admin][Login]

[31-05-2020 19:57:22][admin][Login]

[31-05-2020 19:57:31][Administrador][Eliminar Socio ]

[31-05-2020 19:57:31][Administrador][Eliminar Socio ]

[31-05-2020 19:57:31][Administrador][Eliminar Socio ]

[31-05-2020 19:57:31][Administrador][Eliminar Socio ]

[31-05-2020 19:57:31][Administrador][Eliminar Socio ]

[31-05-2020 19:57:31][Administrador][Eliminar Socio ]

[31-05-2020 19:57:31][Administrador][Eliminar Socio ]

[31-05-2020 19:57:31][Administrador][Eliminar Socio ]

[31-05-2020 19:58:43][admin][Login]

[31-05-2020 20:01:20][admin][Login]

[31-05-2020 20:01:26][Administrador][Eliminar Socio ]

[31-05-2020 20:03:28][admin][Login]

[31-05-2020 20:03:32][Administrador][Eliminar Socio ]

[31-05-2020 20:04:12][admin][Login]

[31-05-2020 20:04:21][Administrador][Eliminar Socio ]

[31-05-2020 20:04:21][Administrador][Eliminar Socio ]

[31-05-2020 20:04:21][Administrador][Eliminar Socio ]

[31-05-2020 20:07:04][admin][Login]

[31-05-2020 20:07:46][admin][Login]

[31-05-2020 20:09:37][admin][Login]

[31-05-2020 20:10:14][admin][Login]

[31-05-2020 20:13:19][admin][Login]

[31-05-2020 20:13:28][Administrador][Eliminar Socio ]

[31-05-2020 20:18:59][admin][Login]

[31-05-2020 20:19:08][Administrador][Al ta Clase]

[31-05-2020 20:24:58][admin][Login]

[31-05-2020 20:26:37][admin][Login]

[31-05-2020 20:35:25][admin][Login]

[31-05-2020 20:35:41][Administrador][Eliminar Monitor]

[31-05-2020 20:36:27][Administrador][Co nsultar Clase 002]

[07-06-2020 02:27:29][admin][Login]

[07-06-2020 02:41:55][admin][Login]

[07-06-2020 02:43:05][Administrador][Eliminar Socio ]

[07-06-2020 02:43:05][Administrador][Eliminar Socio ]

[07-06-2020 02:50:50][admin][Login]

[07-06-2020 02:57:45][admin][Login]

[07-06-2020 02:58:32][admin][Login]

[07-06-2020 02:59:22][admin][Login]

[07-06-2020 03:02:43][admin][Login]

[07-06-2020 03:18:08][admin][Login]

[07-06-2020 03:18:20][Administrador][Alta Socio t2 123]

[07-06-2020 03:20:50][admin][Login]

[07-06-2020 03:22:40][admin][Login]

[07-06-2020 03:22:49][Administrador][Modificar Socio  en campo null]

[07-06-2020 03:23:54][Administrador][Modificar Socio  en campo null]

[07-06-2020 03:24:35][admin][Login]

[07-06-2020 03:27:24][admin][Login]

[07-06-2020 03:27:33][Administrador][Eliminar Socio ]

[07-06-2020 03:27:46][Administrador][Eliminar Socio ]

[07-06-2020 03:29:12][admin][Login]

[07-06-2020 03:29:21][Administrador][Eliminar Socio ]

[07-06-2020 03:30:59][admin][Login]

[07-06-2020 03:31:07][Administrador][Eliminar Socio ]

[07-06-2020 03:31:07][Administrador][Eliminar Socio ]

[07-06-2020 03:31:07][Administrador][Eliminar Socio ]

[07-06-2020 03:46:04][admin][Login]

[07-06-2020 03:46:15][Administrador][Alta Socio 111 2020-04-01]

[07-06-2020 03:47:29][admin][Login]

[07-06-2020 03:47:40][Administrador][Alta Socio 3333 2020-02-01]

[07-06-2020 03:49:28][admin][Login]

[07-06-2020 03:49:34][Administrador][Alta Socio 2 2020-02-02]

[07-06-2020 03:50:36][admin][Login]

[07-06-2020 03:50:44][Administrador][Alta Socio 444 2020-02-02]

[07-06-2020 03:51:29][Administrador][Modificar Socio  en campo null]

[07-06-2020 03:52:15][Administrador][Modificar Socio  en campo null]

[07-06-2020 03:52:36][Administrador][Modificar Socio  en campo null]

[07-06-2020 03:55:49][admin][Login]

[07-06-2020 03:55:58][Administrador][Eliminar Socio ]

[07-06-2020 03:56:14][Administrador][Eliminar Socio ]

[07-06-2020 03:56:14][Administrador][Eliminar Socio ]

[07-06-2020 03:59:40][admin][Login]

[07-06-2020 04:17:28][admin][Login]

[07-06-2020 04:17:40][Administrador][Alta Socio asdf 2020-03-13 19:00:00]

[07-06-2020 04:18:37][Administrador][Modificar Socio  en campo null]

[07-06-2020 04:19:00][Administrador][Eliminar Socio ]

[07-06-2020 04:19:40][admin][Login]

[07-06-2020 04:19:48][Administrador][Eliminar Socio ]

[07-06-2020 04:19:59][Administrador][Eliminar Socio ]

